This file contains any messages produced by compilers while
running configure, to aid debugging if configure makes a mistake.

It was created by json-spirit configure 0.99, which was
generated by GNU Autoconf 2.65.  Invocation command line was

  $ ../configure CPPFLAGS=-DDEBUG CXXFLAGS=-g -O0

## --------- ##
## Platform. ##
## --------- ##

hostname = DaveH-MBP-2011-vintage.local
uname -m = x86_64
uname -r = 12.4.0
uname -s = Darwin
uname -v = Darwin Kernel Version 12.4.0: Wed May  1 17:57:12 PDT 2013; root:xnu-2050.24.15~1/RELEASE_X86_64

/usr/bin/uname -p = i386
/bin/uname -X     = unknown

/bin/arch              = unknown
/usr/bin/arch -k       = unknown
/usr/convex/getsysinfo = unknown
/usr/bin/hostinfo      = Mach kernel version:
	 Darwin Kernel Version 12.4.0: Wed May  1 17:57:12 PDT 2013; root:xnu-2050.24.15~1/RELEASE_X86_64
Kernel configured for up to 8 processors.
4 processors are physically available.
8 processors are logically available.
Processor type: i486 (Intel 80486)
Processors active: 0 1 2 3 4 5 6 7
Primary memory available: 8.00 gigabytes
Default processor set: 179 tasks, 959 threads, 8 processors
Load average: 2.58, Mach factor: 5.41
/bin/machine           = unknown
/usr/bin/oslevel       = unknown
/bin/universe          = unknown

PATH: /opt/local/bin
PATH: /opt/local/sbin
PATH: /opt/local/bin
PATH: /opt/local/sbin
PATH: /Library/PostgreSQL/8.4/bin
PATH: /usr/bin
PATH: /bin
PATH: /usr/sbin
PATH: /sbin
PATH: /usr/local/bin
PATH: /opt/X11/bin
PATH: /usr/local/apache-tomcat/bin
PATH: /usr/local/mysql/bin
PATH: /usr/local/apache-ant/bin
PATH: /usr/local/apache-maven/bin
PATH: /usr/local/oracle/instantclient_10_2
PATH: /usr/local/mysql/bin
PATH: /usr/local/bin/depot_tools
PATH: /Users/dhorton/pactolus_app_server/bin
PATH: /Users/dhorton/pactolus_app_server/scripts
PATH: /Users/dhorton/android-sdk-mac_x86-1.1_r1/tools
PATH: /opt/subversion/bin


## ----------- ##
## Core tests. ##
## ----------- ##

configure:2046: checking for a BSD-compatible install
configure:2114: result: /usr/bin/install -c
configure:2125: checking whether build environment is sane
configure:2175: result: yes
configure:2316: checking for a thread-safe mkdir -p
configure:2355: result: ../../../install-sh -c -d
configure:2368: checking for gawk
configure:2384: found /opt/local/bin/gawk
configure:2395: result: gawk
configure:2406: checking whether make sets $(MAKE)
configure:2428: result: yes
configure:2573: checking for g++
configure:2589: found /usr/bin/g++
configure:2600: result: g++
configure:2627: checking for C++ compiler version
configure:2636: g++ --version >&5
i686-apple-darwin11-llvm-g++-4.2 (GCC) 4.2.1 (Based on Apple Inc. build 5658) (LLVM build 2336.11.00)
Copyright (C) 2007 Free Software Foundation, Inc.
This is free software; see the source for copying conditions.  There is NO
warranty; not even for MERCHANTABILITY or FITNESS FOR A PARTICULAR PURPOSE.

configure:2647: $? = 0
configure:2636: g++ -v >&5
Using built-in specs.
Target: i686-apple-darwin11
Configured with: /private/var/tmp/llvmgcc42/llvmgcc42-2336.11~182/src/configure --disable-checking --enable-werror --prefix=/Applications/Xcode.app/Contents/Developer/usr/llvm-gcc-4.2 --mandir=/share/man --enable-languages=c,objc,c++,obj-c++ --program-prefix=llvm- --program-transform-name=/^[cg][^.-]*$/s/$/-4.2/ --with-slibdir=/usr/lib --build=i686-apple-darwin11 --enable-llvm=/private/var/tmp/llvmgcc42/llvmgcc42-2336.11~182/dst-llvmCore/Developer/usr/local --program-prefix=i686-apple-darwin11- --host=x86_64-apple-darwin11 --target=i686-apple-darwin11 --with-gxx-include-dir=/usr/include/c++/4.2.1
Thread model: posix
gcc version 4.2.1 (Based on Apple Inc. build 5658) (LLVM build 2336.11.00)
configure:2647: $? = 0
configure:2636: g++ -V >&5
llvm-g++-4.2: argument to `-V' is missing
configure:2647: $? = 1
configure:2636: g++ -qversion >&5
i686-apple-darwin11-llvm-g++-4.2: no input files
configure:2647: $? = 1
configure:2667: checking whether the C++ compiler works
configure:2689: g++ -g -O0 -DDEBUG  conftest.cpp  >&5
configure:2693: $? = 0
configure:2742: result: yes
configure:2745: checking for C++ compiler default output file name
configure:2747: result: a.out
configure:2753: checking for suffix of executables
configure:2760: g++ -o conftest -g -O0 -DDEBUG  conftest.cpp  >&5
configure:2764: $? = 0
configure:2786: result: 
configure:2808: checking whether we are cross compiling
configure:2816: g++ -o conftest -g -O0 -DDEBUG  conftest.cpp  >&5
configure:2820: $? = 0
configure:2827: ./conftest
configure:2831: $? = 0
configure:2846: result: no
configure:2851: checking for suffix of object files
configure:2873: g++ -c -g -O0 -DDEBUG conftest.cpp >&5
configure:2877: $? = 0
configure:2898: result: o
configure:2902: checking whether we are using the GNU C++ compiler
configure:2921: g++ -c -g -O0 -DDEBUG conftest.cpp >&5
configure:2921: $? = 0
configure:2930: result: yes
configure:2939: checking whether g++ accepts -g
configure:2959: g++ -c -g -DDEBUG conftest.cpp >&5
configure:2959: $? = 0
configure:3000: result: yes
configure:3034: checking for style of include used by make
configure:3062: result: GNU
configure:3087: checking dependency style of g++
configure:3197: result: gcc3
configure:3260: checking for gcc
configure:3276: found /usr/bin/gcc
configure:3287: result: gcc
configure:3516: checking for C compiler version
configure:3525: gcc --version >&5
i686-apple-darwin11-llvm-gcc-4.2 (GCC) 4.2.1 (Based on Apple Inc. build 5658) (LLVM build 2336.11.00)
Copyright (C) 2007 Free Software Foundation, Inc.
This is free software; see the source for copying conditions.  There is NO
warranty; not even for MERCHANTABILITY or FITNESS FOR A PARTICULAR PURPOSE.

configure:3536: $? = 0
configure:3525: gcc -v >&5
Using built-in specs.
Target: i686-apple-darwin11
Configured with: /private/var/tmp/llvmgcc42/llvmgcc42-2336.11~182/src/configure --disable-checking --enable-werror --prefix=/Applications/Xcode.app/Contents/Developer/usr/llvm-gcc-4.2 --mandir=/share/man --enable-languages=c,objc,c++,obj-c++ --program-prefix=llvm- --program-transform-name=/^[cg][^.-]*$/s/$/-4.2/ --with-slibdir=/usr/lib --build=i686-apple-darwin11 --enable-llvm=/private/var/tmp/llvmgcc42/llvmgcc42-2336.11~182/dst-llvmCore/Developer/usr/local --program-prefix=i686-apple-darwin11- --host=x86_64-apple-darwin11 --target=i686-apple-darwin11 --with-gxx-include-dir=/usr/include/c++/4.2.1
Thread model: posix
gcc version 4.2.1 (Based on Apple Inc. build 5658) (LLVM build 2336.11.00)
configure:3536: $? = 0
configure:3525: gcc -V >&5
llvm-gcc-4.2: argument to `-V' is missing
configure:3536: $? = 1
configure:3525: gcc -qversion >&5
i686-apple-darwin11-llvm-gcc-4.2: no input files
configure:3536: $? = 1
configure:3540: checking whether we are using the GNU C compiler
configure:3559: gcc -c  -DDEBUG conftest.c >&5
configure:3559: $? = 0
configure:3568: result: yes
configure:3577: checking whether gcc accepts -g
configure:3597: gcc -c -g -DDEBUG conftest.c >&5
configure:3597: $? = 0
configure:3638: result: yes
configure:3655: checking for gcc option to accept ISO C89
configure:3719: gcc  -c -g -O2 -DDEBUG conftest.c >&5
configure:3719: $? = 0
configure:3732: result: none needed
configure:3754: checking dependency style of gcc
configure:3864: result: gcc3
configure:3922: checking for ranlib
configure:3938: found /usr/bin/ranlib
configure:3949: result: ranlib
configure:3983: checking how to run the C preprocessor
configure:4014: gcc -E -DDEBUG conftest.c
configure:4014: $? = 0
configure:4028: gcc -E -DDEBUG conftest.c
conftest.c:11:28: error: ac_nonexistent.h: No such file or directory
configure:4028: $? = 1
configure: failed program was:
| /* confdefs.h */
| #define PACKAGE_NAME "json-spirit"
| #define PACKAGE_TARNAME "json-spirit"
| #define PACKAGE_VERSION "0.99"
| #define PACKAGE_STRING "json-spirit 0.99"
| #define PACKAGE_BUGREPORT "BUG-REPORT-ADDRESS"
| #define PACKAGE_URL ""
| #define PACKAGE "json-spirit"
| #define VERSION "0.99"
| /* end confdefs.h.  */
| #include <ac_nonexistent.h>
configure:4053: result: gcc -E
configure:4073: gcc -E -DDEBUG conftest.c
configure:4073: $? = 0
configure:4087: gcc -E -DDEBUG conftest.c
conftest.c:11:28: error: ac_nonexistent.h: No such file or directory
configure:4087: $? = 1
configure: failed program was:
| /* confdefs.h */
| #define PACKAGE_NAME "json-spirit"
| #define PACKAGE_TARNAME "json-spirit"
| #define PACKAGE_VERSION "0.99"
| #define PACKAGE_STRING "json-spirit 0.99"
| #define PACKAGE_BUGREPORT "BUG-REPORT-ADDRESS"
| #define PACKAGE_URL ""
| #define PACKAGE "json-spirit"
| #define VERSION "0.99"
| /* end confdefs.h.  */
| #include <ac_nonexistent.h>
configure:4116: checking for grep that handles long lines and -e
configure:4174: result: /usr/bin/grep
configure:4179: checking for egrep
configure:4241: result: /usr/bin/grep -E
configure:4246: checking for ANSI C header files
configure:4266: gcc -c -g -O2 -DDEBUG conftest.c >&5
configure:4266: $? = 0
configure:4339: gcc -o conftest -g -O2 -DDEBUG  conftest.c  >&5
configure:4339: $? = 0
configure:4339: ./conftest
configure:4339: $? = 0
configure:4350: result: yes
configure:4363: checking for sys/types.h
configure:4363: gcc -c -g -O2 -DDEBUG conftest.c >&5
configure:4363: $? = 0
configure:4363: result: yes
configure:4363: checking for sys/stat.h
configure:4363: gcc -c -g -O2 -DDEBUG conftest.c >&5
configure:4363: $? = 0
configure:4363: result: yes
configure:4363: checking for stdlib.h
configure:4363: gcc -c -g -O2 -DDEBUG conftest.c >&5
configure:4363: $? = 0
configure:4363: result: yes
configure:4363: checking for string.h
configure:4363: gcc -c -g -O2 -DDEBUG conftest.c >&5
configure:4363: $? = 0
configure:4363: result: yes
configure:4363: checking for memory.h
configure:4363: gcc -c -g -O2 -DDEBUG conftest.c >&5
configure:4363: $? = 0
configure:4363: result: yes
configure:4363: checking for strings.h
configure:4363: gcc -c -g -O2 -DDEBUG conftest.c >&5
configure:4363: $? = 0
configure:4363: result: yes
configure:4363: checking for inttypes.h
configure:4363: gcc -c -g -O2 -DDEBUG conftest.c >&5
configure:4363: $? = 0
configure:4363: result: yes
configure:4363: checking for stdint.h
configure:4363: gcc -c -g -O2 -DDEBUG conftest.c >&5
configure:4363: $? = 0
configure:4363: result: yes
configure:4363: checking for unistd.h
configure:4363: gcc -c -g -O2 -DDEBUG conftest.c >&5
configure:4363: $? = 0
configure:4363: result: yes
configure:4376: checking for stdbool.h that conforms to C99
configure:4461: gcc -c -g -O2 -DDEBUG conftest.c >&5
conftest.c:76: error: initializer element is not constant
configure:4461: $? = 1
configure: failed program was:
| /* confdefs.h */
| #define PACKAGE_NAME "json-spirit"
| #define PACKAGE_TARNAME "json-spirit"
| #define PACKAGE_VERSION "0.99"
| #define PACKAGE_STRING "json-spirit 0.99"
| #define PACKAGE_BUGREPORT "BUG-REPORT-ADDRESS"
| #define PACKAGE_URL ""
| #define PACKAGE "json-spirit"
| #define VERSION "0.99"
| #define STDC_HEADERS 1
| #define HAVE_SYS_TYPES_H 1
| #define HAVE_SYS_STAT_H 1
| #define HAVE_STDLIB_H 1
| #define HAVE_STRING_H 1
| #define HAVE_MEMORY_H 1
| #define HAVE_STRINGS_H 1
| #define HAVE_INTTYPES_H 1
| #define HAVE_STDINT_H 1
| #define HAVE_UNISTD_H 1
| /* end confdefs.h.  */
| 
| #include <stdbool.h>
| #ifndef bool
|  "error: bool is not defined"
| #endif
| #ifndef false
|  "error: false is not defined"
| #endif
| #if false
|  "error: false is not 0"
| #endif
| #ifndef true
|  "error: true is not defined"
| #endif
| #if true != 1
|  "error: true is not 1"
| #endif
| #ifndef __bool_true_false_are_defined
|  "error: __bool_true_false_are_defined is not defined"
| #endif
| 
| 	struct s { _Bool s: 1; _Bool t; } s;
| 
| 	char a[true == 1 ? 1 : -1];
| 	char b[false == 0 ? 1 : -1];
| 	char c[__bool_true_false_are_defined == 1 ? 1 : -1];
| 	char d[(bool) 0.5 == true ? 1 : -1];
| 	bool e = &s;
| 	char f[(_Bool) 0.0 == false ? 1 : -1];
| 	char g[true];
| 	char h[sizeof (_Bool)];
| 	char i[sizeof s.t];
| 	enum { j = false, k = true, l = false * true, m = true * 256 };
| 	/* The following fails for
| 	   HP aC++/ANSI C B3910B A.05.55 [Dec 04 2003]. */
| 	_Bool n[m];
| 	char o[sizeof n == m * sizeof n[0] ? 1 : -1];
| 	char p[-1 - (_Bool) 0 < 0 && -1 - (bool) 0 < 0 ? 1 : -1];
| #	if defined __xlc__ || defined __GNUC__
| 	 /* Catch a bug in IBM AIX xlc compiler version 6.0.0.0
| 	    reported by James Lemley on 2005-10-05; see
| 	    http://lists.gnu.org/archive/html/bug-coreutils/2005-10/msg00086.html
| 	    This test is not quite right, since xlc is allowed to
| 	    reject this program, as the initializer for xlcbug is
| 	    not one of the forms that C requires support for.
| 	    However, doing the test right would require a runtime
| 	    test, and that would make cross-compilation harder.
| 	    Let us hope that IBM fixes the xlc bug, and also adds
| 	    support for this kind of constant expression.  In the
| 	    meantime, this test will reject xlc, which is OK, since
| 	    our stdbool.h substitute should suffice.  We also test
| 	    this with GCC, where it should work, to detect more
| 	    quickly whether someone messes up the test in the
| 	    future.  */
| 	 char digs[] = "0123456789";
| 	 int xlcbug = 1 / (&(digs + 5)[-2 + (bool) 1] == &digs[4] ? 1 : -1);
| #	endif
| 	/* Catch a bug in an HP-UX C compiler.  See
| 	   http://gcc.gnu.org/ml/gcc-patches/2003-12/msg02303.html
| 	   http://lists.gnu.org/archive/html/bug-coreutils/2005-11/msg00161.html
| 	 */
| 	_Bool q = true;
| 	_Bool *pq = &q;
| 
| int
| main ()
| {
| 
| 	*pq |= q;
| 	*pq |= ! q;
| 	/* Refer to every declared value, to avoid compiler optimizations.  */
| 	return (!a + !b + !c + !d + !e + !f + !g + !h + !i + !!j + !k + !!l
| 		+ !m + !n + !o + !p + !q + !pq);
| 
|   ;
|   return 0;
| }
configure:4468: result: no
configure:4470: checking for _Bool
configure:4470: gcc -c -g -O2 -DDEBUG conftest.c >&5
configure:4470: $? = 0
configure:4470: gcc -c -g -O2 -DDEBUG conftest.c >&5
conftest.c: In function 'main':
conftest.c:57: error: expected expression before ')' token
configure:4470: $? = 1
configure: failed program was:
| /* confdefs.h */
| #define PACKAGE_NAME "json-spirit"
| #define PACKAGE_TARNAME "json-spirit"
| #define PACKAGE_VERSION "0.99"
| #define PACKAGE_STRING "json-spirit 0.99"
| #define PACKAGE_BUGREPORT "BUG-REPORT-ADDRESS"
| #define PACKAGE_URL ""
| #define PACKAGE "json-spirit"
| #define VERSION "0.99"
| #define STDC_HEADERS 1
| #define HAVE_SYS_TYPES_H 1
| #define HAVE_SYS_STAT_H 1
| #define HAVE_STDLIB_H 1
| #define HAVE_STRING_H 1
| #define HAVE_MEMORY_H 1
| #define HAVE_STRINGS_H 1
| #define HAVE_INTTYPES_H 1
| #define HAVE_STDINT_H 1
| #define HAVE_UNISTD_H 1
| /* end confdefs.h.  */
| #include <stdio.h>
| #ifdef HAVE_SYS_TYPES_H
| # include <sys/types.h>
| #endif
| #ifdef HAVE_SYS_STAT_H
| # include <sys/stat.h>
| #endif
| #ifdef STDC_HEADERS
| # include <stdlib.h>
| # include <stddef.h>
| #else
| # ifdef HAVE_STDLIB_H
| #  include <stdlib.h>
| # endif
| #endif
| #ifdef HAVE_STRING_H
| # if !defined STDC_HEADERS && defined HAVE_MEMORY_H
| #  include <memory.h>
| # endif
| # include <string.h>
| #endif
| #ifdef HAVE_STRINGS_H
| # include <strings.h>
| #endif
| #ifdef HAVE_INTTYPES_H
| # include <inttypes.h>
| #endif
| #ifdef HAVE_STDINT_H
| # include <stdint.h>
| #endif
| #ifdef HAVE_UNISTD_H
| # include <unistd.h>
| #endif
| int
| main ()
| {
| if (sizeof ((_Bool)))
| 	    return 0;
|   ;
|   return 0;
| }
configure:4470: result: yes
configure:4612: creating ./config.status

## ---------------------- ##
## Running config.status. ##
## ---------------------- ##

This file was extended by json-spirit config.status 0.99, which was
generated by GNU Autoconf 2.65.  Invocation command line was

  CONFIG_FILES    = 
  CONFIG_HEADERS  = 
  CONFIG_LINKS    = 
  CONFIG_COMMANDS = 
  $ ./config.status 

on DaveH-MBP-2011-vintage.local

config.status:859: creating Makefile
config.status:859: creating config.h
config.status:1024: config.h is unchanged
config.status:1072: executing depfiles commands

## ---------------- ##
## Cache variables. ##
## ---------------- ##

ac_cv_c_compiler_gnu=yes
ac_cv_cxx_compiler_gnu=yes
ac_cv_env_CCC_set=
ac_cv_env_CCC_value=
ac_cv_env_CC_set=
ac_cv_env_CC_value=
ac_cv_env_CFLAGS_set=
ac_cv_env_CFLAGS_value=
ac_cv_env_CPPFLAGS_set=set
ac_cv_env_CPPFLAGS_value=-DDEBUG
ac_cv_env_CPP_set=
ac_cv_env_CPP_value=
ac_cv_env_CXXFLAGS_set=set
ac_cv_env_CXXFLAGS_value='-g -O0'
ac_cv_env_CXX_set=
ac_cv_env_CXX_value=
ac_cv_env_LDFLAGS_set=
ac_cv_env_LDFLAGS_value=
ac_cv_env_LIBS_set=
ac_cv_env_LIBS_value=
ac_cv_env_build_alias_set=
ac_cv_env_build_alias_value=
ac_cv_env_host_alias_set=
ac_cv_env_host_alias_value=
ac_cv_env_target_alias_set=
ac_cv_env_target_alias_value=
ac_cv_header_inttypes_h=yes
ac_cv_header_memory_h=yes
ac_cv_header_stdbool_h=no
ac_cv_header_stdc=yes
ac_cv_header_stdint_h=yes
ac_cv_header_stdlib_h=yes
ac_cv_header_string_h=yes
ac_cv_header_strings_h=yes
ac_cv_header_sys_stat_h=yes
ac_cv_header_sys_types_h=yes
ac_cv_header_unistd_h=yes
ac_cv_objext=o
ac_cv_path_EGREP='/usr/bin/grep -E'
ac_cv_path_GREP=/usr/bin/grep
ac_cv_path_install='/usr/bin/install -c'
ac_cv_prog_AWK=gawk
ac_cv_prog_CPP='gcc -E'
ac_cv_prog_ac_ct_CC=gcc
ac_cv_prog_ac_ct_CXX=g++
ac_cv_prog_ac_ct_RANLIB=ranlib
ac_cv_prog_cc_c89=
ac_cv_prog_cc_g=yes
ac_cv_prog_cxx_g=yes
ac_cv_prog_make_make_set=yes
ac_cv_type__Bool=yes
am_cv_CC_dependencies_compiler_type=gcc3
am_cv_CXX_dependencies_compiler_type=gcc3

## ----------------- ##
## Output variables. ##
## ----------------- ##

ACLOCAL='${SHELL} /Users/dhorton/beachdog-enterprises/beachdog-networks/git/drachtio/missing --run aclocal-1.11'
AMDEPBACKSLASH='\'
AMDEP_FALSE='#'
AMDEP_TRUE=''
AMTAR='${SHELL} /Users/dhorton/beachdog-enterprises/beachdog-networks/git/drachtio/missing --run tar'
AUTOCONF='${SHELL} /Users/dhorton/beachdog-enterprises/beachdog-networks/git/drachtio/missing --run autoconf'
AUTOHEADER='${SHELL} /Users/dhorton/beachdog-enterprises/beachdog-networks/git/drachtio/missing --run autoheader'
AUTOMAKE='${SHELL} /Users/dhorton/beachdog-enterprises/beachdog-networks/git/drachtio/missing --run automake-1.11'
AWK='gawk'
CC='gcc'
CCDEPMODE='depmode=gcc3'
CFLAGS='-g -O2'
CPP='gcc -E'
CPPFLAGS='-DDEBUG'
CXX='g++'
CXXDEPMODE='depmode=gcc3'
CXXFLAGS='-g -O0'
CYGPATH_W='echo'
DEFS='-DHAVE_CONFIG_H'
DEPDIR='.deps'
ECHO_C='\c'
ECHO_N=''
ECHO_T=''
EGREP='/usr/bin/grep -E'
EXEEXT=''
GREP='/usr/bin/grep'
INSTALL_DATA='${INSTALL} -m 644'
INSTALL_PROGRAM='${INSTALL}'
INSTALL_SCRIPT='${INSTALL}'
INSTALL_STRIP_PROGRAM='$(install_sh) -c -s'
LDFLAGS=''
LIBOBJS=''
LIBS=''
LTLIBOBJS=''
MAKEINFO='${SHELL} /Users/dhorton/beachdog-enterprises/beachdog-networks/git/drachtio/missing --run makeinfo'
MKDIR_P='../../../install-sh -c -d'
OBJEXT='o'
PACKAGE='json-spirit'
PACKAGE_BUGREPORT='BUG-REPORT-ADDRESS'
PACKAGE_NAME='json-spirit'
PACKAGE_STRING='json-spirit 0.99'
PACKAGE_TARNAME='json-spirit'
PACKAGE_URL=''
PACKAGE_VERSION='0.99'
PATH_SEPARATOR=':'
RANLIB='ranlib'
SET_MAKE=''
SHELL='/bin/sh'
STRIP=''
VERSION='0.99'
ac_ct_CC='gcc'
ac_ct_CXX='g++'
am__EXEEXT_FALSE=''
am__EXEEXT_TRUE='#'
am__fastdepCC_FALSE='#'
am__fastdepCC_TRUE=''
am__fastdepCXX_FALSE='#'
am__fastdepCXX_TRUE=''
am__include='include'
am__isrc=' -I$(srcdir)'
am__leading_dot='.'
am__quote=''
am__tar='${AMTAR} chof - "$$tardir"'
am__untar='${AMTAR} xf -'
bindir='${exec_prefix}/bin'
build_alias=''
datadir='${datarootdir}'
datarootdir='${prefix}/share'
docdir='${datarootdir}/doc/${PACKAGE_TARNAME}'
dvidir='${docdir}'
exec_prefix='${prefix}'
host_alias=''
htmldir='${docdir}'
include_jsondir='${includedir}/json-spirit'
includedir='${prefix}/include'
infodir='${datarootdir}/info'
install_sh='${SHELL} /Users/dhorton/beachdog-enterprises/beachdog-networks/git/drachtio/install-sh'
libdir='${exec_prefix}/lib'
libexecdir='${exec_prefix}/libexec'
localedir='${datarootdir}/locale'
localstatedir='${prefix}/var'
mandir='${datarootdir}/man'
mkdir_p='$(top_builddir)/../../../install-sh -c -d'
oldincludedir='/usr/include'
pdfdir='${docdir}'
prefix='/usr/local'
program_transform_name='s,x,x,'
psdir='${docdir}'
sbindir='${exec_prefix}/sbin'
sharedstatedir='${prefix}/com'
sysconfdir='${prefix}/etc'
target_alias=''

## ----------- ##
## confdefs.h. ##
## ----------- ##

/* confdefs.h */
#define PACKAGE_NAME "json-spirit"
#define PACKAGE_TARNAME "json-spirit"
#define PACKAGE_VERSION "0.99"
#define PACKAGE_STRING "json-spirit 0.99"
#define PACKAGE_BUGREPORT "BUG-REPORT-ADDRESS"
#define PACKAGE_URL ""
#define PACKAGE "json-spirit"
#define VERSION "0.99"
#define STDC_HEADERS 1
#define HAVE_SYS_TYPES_H 1
#define HAVE_SYS_STAT_H 1
#define HAVE_STDLIB_H 1
#define HAVE_STRING_H 1
#define HAVE_MEMORY_H 1
#define HAVE_STRINGS_H 1
#define HAVE_INTTYPES_H 1
#define HAVE_STDINT_H 1
#define HAVE_UNISTD_H 1
#define HAVE__BOOL 1

configure: exit 0

## ---------------------- ##
## Running config.status. ##
## ---------------------- ##

This file was extended by json-spirit config.status 0.99, which was
generated by GNU Autoconf 2.65.  Invocation command line was

  CONFIG_FILES    = 
  CONFIG_HEADERS  = 
  CONFIG_LINKS    = 
  CONFIG_COMMANDS = 
  $ ./config.status Makefile depfiles

on DaveH-MBP-2011-vintage.local

config.status:859: creating Makefile
config.status:1072: executing depfiles commands
